[debug] [2020-10-06T15:04:36.802Z] ----------------------------------------------------------------------
[debug] [2020-10-06T15:04:36.803Z] Command:       /usr/local/bin/node /usr/local/bin/firebase emulators:start
[debug] [2020-10-06T15:04:36.803Z] CLI Version:   8.11.2
[debug] [2020-10-06T15:04:36.803Z] Platform:      darwin
[debug] [2020-10-06T15:04:36.803Z] Node Version:  v12.18.3
[debug] [2020-10-06T15:04:36.804Z] Time:          Tue Oct 06 2020 11:04:36 GMT-0400 (Eastern Daylight Time)
[debug] [2020-10-06T15:04:36.804Z] ----------------------------------------------------------------------
[debug] [2020-10-06T15:04:36.804Z] 
[debug] [2020-10-06T15:04:36.811Z] > command requires scopes: ["email","openid","https://www.googleapis.com/auth/cloudplatformprojects.readonly","https://www.googleapis.com/auth/firebase","https://www.googleapis.com/auth/cloud-platform"]
[debug] [2020-10-06T15:04:36.811Z] > authorizing via signed-in user
[info] i  emulators: Starting emulators: functions {"metadata":{"emulator":{"name":"hub"},"message":"Starting emulators: functions"}}
[debug] [2020-10-06T15:04:36.825Z] [hub] writing locator at /var/folders/qt/8rd18q3n4yv7d0tksxmy8vlc0000gn/T/hub-clone-e08f0.json
[warn] ⚠  functions: The following emulators are not running, calls to these services from the Functions emulator will affect production: auth, firestore, database, hosting, pubsub {"metadata":{"emulator":{"name":"functions"},"message":"The following emulators are not running, calls to these services from the Functions emulator will affect production: \u001b[1mauth, firestore, database, hosting, pubsub\u001b[22m"}}
[warn] ⚠  Your requested "node" version "10" doesn't match your global version "12" {"metadata":{"emulator":{"name":"functions"},"message":"Your requested \"node\" version \"10\" doesn't match your global version \"12\""}}
[debug] [2020-10-06T15:04:36.851Z] defaultcredentials: writing to file /Users/jomarnguyen/.config/firebase/jomarhan_ng_gmail.com_application_default_credentials.json
[debug] [2020-10-06T15:04:36.854Z] Setting GAC to /Users/jomarnguyen/.config/firebase/jomarhan_ng_gmail.com_application_default_credentials.json {"metadata":{"emulator":{"name":"functions"},"message":"Setting GAC to /Users/jomarnguyen/.config/firebase/jomarhan_ng_gmail.com_application_default_credentials.json"}}
[info] i  ui: downloading ui-v1.1.1.zip... {"metadata":{"emulator":{"name":"ui"},"message":"downloading ui-v1.1.1.zip..."}}
[debug] [2020-10-06T15:04:37.641Z] Ignoring unsupported arg: auto_download {"metadata":{"emulator":{"name":"ui"},"message":"Ignoring unsupported arg: auto_download"}}
[debug] [2020-10-06T15:04:37.641Z] Ignoring unsupported arg: port {"metadata":{"emulator":{"name":"ui"},"message":"Ignoring unsupported arg: port"}}
[debug] [2020-10-06T15:04:37.641Z] Starting Emulator UI with command {"binary":"node","args":["/Users/jomarnguyen/.cache/firebase/emulators/ui-v1.1.1/server.bundle.js"],"optionalArgs":[],"joinArgs":false} {"metadata":{"emulator":{"name":"ui"},"message":"Starting Emulator UI with command {\"binary\":\"node\",\"args\":[\"/Users/jomarnguyen/.cache/firebase/emulators/ui-v1.1.1/server.bundle.js\"],\"optionalArgs\":[],\"joinArgs\":false}"}}
[info] i  ui: Emulator UI logging to ui-debug.log {"metadata":{"emulator":{"name":"ui"},"message":"Emulator UI logging to \u001b[1mui-debug.log\u001b[22m"}}
[debug] [2020-10-06T15:04:37.718Z] Web / API server started at http://localhost:4000
 {"metadata":{"emulator":{"name":"ui"},"message":"Web / API server started at http://localhost:4000\n"}}
[info] i  functions: Watching "/Users/jomarnguyen/Desktop/amazon-clone/functions" for Cloud Functions... {"metadata":{"emulator":{"name":"functions"},"message":"Watching \"/Users/jomarnguyen/Desktop/amazon-clone/functions\" for Cloud Functions..."}}
[debug] [2020-10-06T15:04:37.911Z] [worker-pool] addWorker(~diagnostic~) {"metadata":{"emulator":{"name":"functions"},"message":"[worker-pool] addWorker(~diagnostic~)"}}
[debug] [2020-10-06T15:04:37.911Z] [worker-pool] Adding worker with key ~diagnostic~, total=1 {"metadata":{"emulator":{"name":"functions"},"message":"[worker-pool] Adding worker with key ~diagnostic~, total=1"}}
[debug] [2020-10-06T15:04:37.911Z] [worker-pool] submitWork(triggerId=) {"metadata":{"emulator":{"name":"functions"},"message":"[worker-pool] submitWork(triggerId=)"}}
[debug] [2020-10-06T15:04:37.912Z] [worker-~diagnostic~-0e3ec54c-9c0a-4dc1-bca9-35d2dc769257]: Assigning socketPath: /var/folders/qt/8rd18q3n4yv7d0tksxmy8vlc0000gn/T/fire_emu_1515.sock {"metadata":{"emulator":{"name":"functions"},"message":"[worker-~diagnostic~-0e3ec54c-9c0a-4dc1-bca9-35d2dc769257]: Assigning socketPath: /var/folders/qt/8rd18q3n4yv7d0tksxmy8vlc0000gn/T/fire_emu_1515.sock"}}
[debug] [2020-10-06T15:04:37.912Z] [worker-~diagnostic~-0e3ec54c-9c0a-4dc1-bca9-35d2dc769257]: BUSY {"metadata":{"emulator":{"name":"functions"},"message":"[worker-~diagnostic~-0e3ec54c-9c0a-4dc1-bca9-35d2dc769257]: BUSY"}}
[debug] [2020-10-06T15:04:38.124Z] [runtime-status] [1515] Functions runtime initialized. {"cwd":"/Users/jomarnguyen/Desktop/amazon-clone/functions","node_version":"12.18.3"} {"metadata":{"emulator":{"name":"functions"},"message":"[runtime-status] [1515] Functions runtime initialized. {\"cwd\":\"/Users/jomarnguyen/Desktop/amazon-clone/functions\",\"node_version\":\"12.18.3\"}"}}
[debug] [2020-10-06T15:04:38.125Z] [runtime-status] [1515] Disabled runtime features: undefined {"metadata":{"emulator":{"name":"functions"},"message":"[runtime-status] [1515] Disabled runtime features: undefined"}}
[debug] [2020-10-06T15:04:38.126Z] [runtime-status] [1515] Resolved module firebase-admin {"declared":true,"installed":true,"version":"8.13.0","resolution":"/Users/jomarnguyen/Desktop/amazon-clone/functions/node_modules/firebase-admin/lib/index.js"} {"metadata":{"emulator":{"name":"functions"},"message":"[runtime-status] [1515] Resolved module firebase-admin {\"declared\":true,\"installed\":true,\"version\":\"8.13.0\",\"resolution\":\"/Users/jomarnguyen/Desktop/amazon-clone/functions/node_modules/firebase-admin/lib/index.js\"}"}}
[debug] [2020-10-06T15:04:38.128Z] [runtime-status] [1515] Resolved module firebase-functions {"declared":true,"installed":true,"version":"3.11.0","resolution":"/Users/jomarnguyen/Desktop/amazon-clone/functions/node_modules/firebase-functions/lib/index.js"} {"metadata":{"emulator":{"name":"functions"},"message":"[runtime-status] [1515] Resolved module firebase-functions {\"declared\":true,\"installed\":true,\"version\":\"3.11.0\",\"resolution\":\"/Users/jomarnguyen/Desktop/amazon-clone/functions/node_modules/firebase-functions/lib/index.js\"}"}}
[debug] [2020-10-06T15:04:38.128Z] [runtime-status] [1515] Resolved module firebase-functions {"declared":true,"installed":true,"version":"3.11.0","resolution":"/Users/jomarnguyen/Desktop/amazon-clone/functions/node_modules/firebase-functions/lib/index.js"} {"metadata":{"emulator":{"name":"functions"},"message":"[runtime-status] [1515] Resolved module firebase-functions {\"declared\":true,\"installed\":true,\"version\":\"3.11.0\",\"resolution\":\"/Users/jomarnguyen/Desktop/amazon-clone/functions/node_modules/firebase-functions/lib/index.js\"}"}}
[debug] [2020-10-06T15:04:38.129Z] [runtime-status] [1515] Outgoing network have been stubbed. [{"name":"http","status":"mocked"},{"name":"http","status":"mocked"},{"name":"https","status":"mocked"},{"name":"https","status":"mocked"},{"name":"net","status":"mocked"}] {"metadata":{"emulator":{"name":"functions"},"message":"[runtime-status] [1515] Outgoing network have been stubbed. [{\"name\":\"http\",\"status\":\"mocked\"},{\"name\":\"http\",\"status\":\"mocked\"},{\"name\":\"https\",\"status\":\"mocked\"},{\"name\":\"https\",\"status\":\"mocked\"},{\"name\":\"net\",\"status\":\"mocked\"}]"}}
[debug] [2020-10-06T15:04:38.130Z] [runtime-status] [1515] Resolved module firebase-functions {"declared":true,"installed":true,"version":"3.11.0","resolution":"/Users/jomarnguyen/Desktop/amazon-clone/functions/node_modules/firebase-functions/lib/index.js"} {"metadata":{"emulator":{"name":"functions"},"message":"[runtime-status] [1515] Resolved module firebase-functions {\"declared\":true,\"installed\":true,\"version\":\"3.11.0\",\"resolution\":\"/Users/jomarnguyen/Desktop/amazon-clone/functions/node_modules/firebase-functions/lib/index.js\"}"}}
[debug] [2020-10-06T15:04:38.181Z] [runtime-status] [1515] Checked functions.config() {"config":{}} {"metadata":{"emulator":{"name":"functions"},"message":"[runtime-status] [1515] Checked functions.config() {\"config\":{}}"}}
[debug] [2020-10-06T15:04:38.181Z] [runtime-status] [1515] firebase-functions has been stubbed. {"functionsResolution":{"declared":true,"installed":true,"version":"3.11.0","resolution":"/Users/jomarnguyen/Desktop/amazon-clone/functions/node_modules/firebase-functions/lib/index.js"}} {"metadata":{"emulator":{"name":"functions"},"message":"[runtime-status] [1515] firebase-functions has been stubbed. {\"functionsResolution\":{\"declared\":true,\"installed\":true,\"version\":\"3.11.0\",\"resolution\":\"/Users/jomarnguyen/Desktop/amazon-clone/functions/node_modules/firebase-functions/lib/index.js\"}}"}}
[debug] [2020-10-06T15:04:38.181Z] [runtime-status] [1515] Resolved module firebase-functions {"declared":true,"installed":true,"version":"3.11.0","resolution":"/Users/jomarnguyen/Desktop/amazon-clone/functions/node_modules/firebase-functions/lib/index.js"} {"metadata":{"emulator":{"name":"functions"},"message":"[runtime-status] [1515] Resolved module firebase-functions {\"declared\":true,\"installed\":true,\"version\":\"3.11.0\",\"resolution\":\"/Users/jomarnguyen/Desktop/amazon-clone/functions/node_modules/firebase-functions/lib/index.js\"}"}}
[debug] [2020-10-06T15:04:38.182Z] [runtime-status] [1515] Resolved module firebase-admin {"declared":true,"installed":true,"version":"8.13.0","resolution":"/Users/jomarnguyen/Desktop/amazon-clone/functions/node_modules/firebase-admin/lib/index.js"} {"metadata":{"emulator":{"name":"functions"},"message":"[runtime-status] [1515] Resolved module firebase-admin {\"declared\":true,\"installed\":true,\"version\":\"8.13.0\",\"resolution\":\"/Users/jomarnguyen/Desktop/amazon-clone/functions/node_modules/firebase-admin/lib/index.js\"}"}}
[debug] [2020-10-06T15:04:38.182Z] [runtime-status] [1515] Resolved module firebase-functions {"declared":true,"installed":true,"version":"3.11.0","resolution":"/Users/jomarnguyen/Desktop/amazon-clone/functions/node_modules/firebase-functions/lib/index.js"} {"metadata":{"emulator":{"name":"functions"},"message":"[runtime-status] [1515] Resolved module firebase-functions {\"declared\":true,\"installed\":true,\"version\":\"3.11.0\",\"resolution\":\"/Users/jomarnguyen/Desktop/amazon-clone/functions/node_modules/firebase-functions/lib/index.js\"}"}}
[debug] [2020-10-06T15:04:38.182Z] [runtime-status] [1515] firebase-admin has been stubbed. {"adminResolution":{"declared":true,"installed":true,"version":"8.13.0","resolution":"/Users/jomarnguyen/Desktop/amazon-clone/functions/node_modules/firebase-admin/lib/index.js"}} {"metadata":{"emulator":{"name":"functions"},"message":"[runtime-status] [1515] firebase-admin has been stubbed. {\"adminResolution\":{\"declared\":true,\"installed\":true,\"version\":\"8.13.0\",\"resolution\":\"/Users/jomarnguyen/Desktop/amazon-clone/functions/node_modules/firebase-admin/lib/index.js\"}}"}}
[info] ✔  functions[api]: http function initialized (http://localhost:5001/clone-e08f0/us-central1/api). {"metadata":{"emulator":{"name":"functions"},"message":"\u001b[1mhttp\u001b[22m function initialized (http://localhost:5001/clone-e08f0/us-central1/api)."}}
[info] 
┌───────────────────────────────────────────────────────────────────────┐
│ ✔  All emulators ready! View status and logs at http://localhost:4000 │
└───────────────────────────────────────────────────────────────────────┘

┌───────────┬────────────────┬─────────────────────────────────┐
│ Emulator  │ Host:Port      │ View in Emulator UI             │
├───────────┼────────────────┼─────────────────────────────────┤
│ Functions │ localhost:5001 │ http://localhost:4000/functions │
└───────────┴────────────────┴─────────────────────────────────┘
  Other reserved ports: 4400, 4500

Issues? Report them at https://github.com/firebase/firebase-tools/issues and attach the *-debug.log files.
 
[debug] [2020-10-06T15:04:38.371Z] [worker-~diagnostic~-0e3ec54c-9c0a-4dc1-bca9-35d2dc769257]: IDLE {"metadata":{"emulator":{"name":"functions"},"message":"[worker-~diagnostic~-0e3ec54c-9c0a-4dc1-bca9-35d2dc769257]: IDLE"}}
[debug] [2020-10-06T15:10:05.142Z] File /Users/jomarnguyen/Desktop/amazon-clone/functions/index.js changed, reloading triggers {"metadata":{"emulator":{"name":"functions"},"message":"File /Users/jomarnguyen/Desktop/amazon-clone/functions/index.js changed, reloading triggers"}}
[debug] [2020-10-06T15:10:06.146Z] [worker-pool] Shutting down IDLE worker (~diagnostic~) {"metadata":{"emulator":{"name":"functions"},"message":"[worker-pool] Shutting down IDLE worker (~diagnostic~)"}}
[debug] [2020-10-06T15:10:06.146Z] [worker-~diagnostic~-0e3ec54c-9c0a-4dc1-bca9-35d2dc769257]: FINISHING {"metadata":{"emulator":{"name":"functions"},"message":"[worker-~diagnostic~-0e3ec54c-9c0a-4dc1-bca9-35d2dc769257]: FINISHING"}}
[debug] [2020-10-06T15:10:06.151Z] [worker-pool] addWorker(~diagnostic~) {"metadata":{"emulator":{"name":"functions"},"message":"[worker-pool] addWorker(~diagnostic~)"}}
[debug] [2020-10-06T15:10:06.152Z] [worker-pool] Adding worker with key ~diagnostic~, total=2 {"metadata":{"emulator":{"name":"functions"},"message":"[worker-pool] Adding worker with key ~diagnostic~, total=2"}}
[debug] [2020-10-06T15:10:06.152Z] [worker-pool] submitWork(triggerId=) {"metadata":{"emulator":{"name":"functions"},"message":"[worker-pool] submitWork(triggerId=)"}}
[debug] [2020-10-06T15:10:06.152Z] [worker-~diagnostic~-d85d4195-c56c-4dff-9f85-1d3cd9732489]: Assigning socketPath: /var/folders/qt/8rd18q3n4yv7d0tksxmy8vlc0000gn/T/fire_emu_1547.sock {"metadata":{"emulator":{"name":"functions"},"message":"[worker-~diagnostic~-d85d4195-c56c-4dff-9f85-1d3cd9732489]: Assigning socketPath: /var/folders/qt/8rd18q3n4yv7d0tksxmy8vlc0000gn/T/fire_emu_1547.sock"}}
[debug] [2020-10-06T15:10:06.152Z] [worker-~diagnostic~-d85d4195-c56c-4dff-9f85-1d3cd9732489]: BUSY {"metadata":{"emulator":{"name":"functions"},"message":"[worker-~diagnostic~-d85d4195-c56c-4dff-9f85-1d3cd9732489]: BUSY"}}
[debug] [2020-10-06T15:10:06.154Z] [worker-~diagnostic~-0e3ec54c-9c0a-4dc1-bca9-35d2dc769257]: exited {"metadata":{"emulator":{"name":"functions"},"message":"[worker-~diagnostic~-0e3ec54c-9c0a-4dc1-bca9-35d2dc769257]: exited"}}
[debug] [2020-10-06T15:10:06.154Z] [worker-~diagnostic~-0e3ec54c-9c0a-4dc1-bca9-35d2dc769257]: FINISHED {"metadata":{"emulator":{"name":"functions"},"message":"[worker-~diagnostic~-0e3ec54c-9c0a-4dc1-bca9-35d2dc769257]: FINISHED"}}
[debug] [2020-10-06T15:10:06.389Z] [runtime-status] [1547] Functions runtime initialized. {"cwd":"/Users/jomarnguyen/Desktop/amazon-clone/functions","node_version":"12.18.3"} {"metadata":{"emulator":{"name":"functions"},"message":"[runtime-status] [1547] Functions runtime initialized. {\"cwd\":\"/Users/jomarnguyen/Desktop/amazon-clone/functions\",\"node_version\":\"12.18.3\"}"}}
[debug] [2020-10-06T15:10:06.390Z] [runtime-status] [1547] Disabled runtime features: undefined {"metadata":{"emulator":{"name":"functions"},"message":"[runtime-status] [1547] Disabled runtime features: undefined"}}
[debug] [2020-10-06T15:10:06.392Z] [runtime-status] [1547] Resolved module firebase-admin {"declared":true,"installed":true,"version":"8.13.0","resolution":"/Users/jomarnguyen/Desktop/amazon-clone/functions/node_modules/firebase-admin/lib/index.js"} {"metadata":{"emulator":{"name":"functions"},"message":"[runtime-status] [1547] Resolved module firebase-admin {\"declared\":true,\"installed\":true,\"version\":\"8.13.0\",\"resolution\":\"/Users/jomarnguyen/Desktop/amazon-clone/functions/node_modules/firebase-admin/lib/index.js\"}"}}
[debug] [2020-10-06T15:10:06.394Z] [runtime-status] [1547] Resolved module firebase-functions {"declared":true,"installed":true,"version":"3.11.0","resolution":"/Users/jomarnguyen/Desktop/amazon-clone/functions/node_modules/firebase-functions/lib/index.js"} {"metadata":{"emulator":{"name":"functions"},"message":"[runtime-status] [1547] Resolved module firebase-functions {\"declared\":true,\"installed\":true,\"version\":\"3.11.0\",\"resolution\":\"/Users/jomarnguyen/Desktop/amazon-clone/functions/node_modules/firebase-functions/lib/index.js\"}"}}
[debug] [2020-10-06T15:10:06.394Z] [runtime-status] [1547] Resolved module firebase-functions {"declared":true,"installed":true,"version":"3.11.0","resolution":"/Users/jomarnguyen/Desktop/amazon-clone/functions/node_modules/firebase-functions/lib/index.js"} {"metadata":{"emulator":{"name":"functions"},"message":"[runtime-status] [1547] Resolved module firebase-functions {\"declared\":true,\"installed\":true,\"version\":\"3.11.0\",\"resolution\":\"/Users/jomarnguyen/Desktop/amazon-clone/functions/node_modules/firebase-functions/lib/index.js\"}"}}
[debug] [2020-10-06T15:10:06.396Z] [runtime-status] [1547] Outgoing network have been stubbed. [{"name":"http","status":"mocked"},{"name":"http","status":"mocked"},{"name":"https","status":"mocked"},{"name":"https","status":"mocked"},{"name":"net","status":"mocked"}] {"metadata":{"emulator":{"name":"functions"},"message":"[runtime-status] [1547] Outgoing network have been stubbed. [{\"name\":\"http\",\"status\":\"mocked\"},{\"name\":\"http\",\"status\":\"mocked\"},{\"name\":\"https\",\"status\":\"mocked\"},{\"name\":\"https\",\"status\":\"mocked\"},{\"name\":\"net\",\"status\":\"mocked\"}]"}}
[debug] [2020-10-06T15:10:06.396Z] [runtime-status] [1547] Resolved module firebase-functions {"declared":true,"installed":true,"version":"3.11.0","resolution":"/Users/jomarnguyen/Desktop/amazon-clone/functions/node_modules/firebase-functions/lib/index.js"} {"metadata":{"emulator":{"name":"functions"},"message":"[runtime-status] [1547] Resolved module firebase-functions {\"declared\":true,\"installed\":true,\"version\":\"3.11.0\",\"resolution\":\"/Users/jomarnguyen/Desktop/amazon-clone/functions/node_modules/firebase-functions/lib/index.js\"}"}}
[debug] [2020-10-06T15:10:06.437Z] [runtime-status] [1547] Checked functions.config() {"config":{}} {"metadata":{"emulator":{"name":"functions"},"message":"[runtime-status] [1547] Checked functions.config() {\"config\":{}}"}}
[debug] [2020-10-06T15:10:06.437Z] [runtime-status] [1547] firebase-functions has been stubbed. {"functionsResolution":{"declared":true,"installed":true,"version":"3.11.0","resolution":"/Users/jomarnguyen/Desktop/amazon-clone/functions/node_modules/firebase-functions/lib/index.js"}} {"metadata":{"emulator":{"name":"functions"},"message":"[runtime-status] [1547] firebase-functions has been stubbed. {\"functionsResolution\":{\"declared\":true,\"installed\":true,\"version\":\"3.11.0\",\"resolution\":\"/Users/jomarnguyen/Desktop/amazon-clone/functions/node_modules/firebase-functions/lib/index.js\"}}"}}
[debug] [2020-10-06T15:10:06.438Z] [runtime-status] [1547] Resolved module firebase-functions {"declared":true,"installed":true,"version":"3.11.0","resolution":"/Users/jomarnguyen/Desktop/amazon-clone/functions/node_modules/firebase-functions/lib/index.js"} {"metadata":{"emulator":{"name":"functions"},"message":"[runtime-status] [1547] Resolved module firebase-functions {\"declared\":true,\"installed\":true,\"version\":\"3.11.0\",\"resolution\":\"/Users/jomarnguyen/Desktop/amazon-clone/functions/node_modules/firebase-functions/lib/index.js\"}"}}
[debug] [2020-10-06T15:10:06.438Z] [runtime-status] [1547] Resolved module firebase-admin {"declared":true,"installed":true,"version":"8.13.0","resolution":"/Users/jomarnguyen/Desktop/amazon-clone/functions/node_modules/firebase-admin/lib/index.js"} {"metadata":{"emulator":{"name":"functions"},"message":"[runtime-status] [1547] Resolved module firebase-admin {\"declared\":true,\"installed\":true,\"version\":\"8.13.0\",\"resolution\":\"/Users/jomarnguyen/Desktop/amazon-clone/functions/node_modules/firebase-admin/lib/index.js\"}"}}
[debug] [2020-10-06T15:10:06.439Z] [runtime-status] [1547] Resolved module firebase-functions {"declared":true,"installed":true,"version":"3.11.0","resolution":"/Users/jomarnguyen/Desktop/amazon-clone/functions/node_modules/firebase-functions/lib/index.js"} {"metadata":{"emulator":{"name":"functions"},"message":"[runtime-status] [1547] Resolved module firebase-functions {\"declared\":true,\"installed\":true,\"version\":\"3.11.0\",\"resolution\":\"/Users/jomarnguyen/Desktop/amazon-clone/functions/node_modules/firebase-functions/lib/index.js\"}"}}
[debug] [2020-10-06T15:10:06.439Z] [runtime-status] [1547] firebase-admin has been stubbed. {"adminResolution":{"declared":true,"installed":true,"version":"8.13.0","resolution":"/Users/jomarnguyen/Desktop/amazon-clone/functions/node_modules/firebase-admin/lib/index.js"}} {"metadata":{"emulator":{"name":"functions"},"message":"[runtime-status] [1547] firebase-admin has been stubbed. {\"adminResolution\":{\"declared\":true,\"installed\":true,\"version\":\"8.13.0\",\"resolution\":\"/Users/jomarnguyen/Desktop/amazon-clone/functions/node_modules/firebase-admin/lib/index.js\"}}"}}
[debug] [2020-10-06T15:10:06.567Z] [worker-~diagnostic~-d85d4195-c56c-4dff-9f85-1d3cd9732489]: IDLE {"metadata":{"emulator":{"name":"functions"},"message":"[worker-~diagnostic~-d85d4195-c56c-4dff-9f85-1d3cd9732489]: IDLE"}}
[debug] [2020-10-06T15:10:11.949Z] [work-queue] {"queueLength":1,"workRunningCount":0}
[debug] [2020-10-06T15:10:11.949Z] [work-queue] {"queueLength":0,"workRunningCount":1}
[debug] [2020-10-06T15:10:11.949Z] Accepted request GET /clone-e08f0/us-central1/api --> api
[debug] [2020-10-06T15:10:11.950Z] [worker-pool] Cleaned up workers for ~diagnostic~: 2 --> 1 {"metadata":{"emulator":{"name":"functions"},"message":"[worker-pool] Cleaned up workers for ~diagnostic~: 2 --> 1"}}
[debug] [2020-10-06T15:10:11.953Z] [worker-pool] addWorker(api) {"metadata":{"emulator":{"name":"functions"},"message":"[worker-pool] addWorker(api)"}}
[debug] [2020-10-06T15:10:11.953Z] [worker-pool] Adding worker with key api, total=1 {"metadata":{"emulator":{"name":"functions"},"message":"[worker-pool] Adding worker with key api, total=1"}}
[debug] [2020-10-06T15:10:11.953Z] [worker-pool] submitWork(triggerId=api) {"metadata":{"emulator":{"name":"functions"},"message":"[worker-pool] submitWork(triggerId=api)"}}
[debug] [2020-10-06T15:10:11.953Z] [worker-api-10b99bc3-27a7-470d-beba-1cfbc945ca05]: Assigning socketPath: /var/folders/qt/8rd18q3n4yv7d0tksxmy8vlc0000gn/T/fire_emu_1559.sock {"metadata":{"emulator":{"name":"functions"},"message":"[worker-api-10b99bc3-27a7-470d-beba-1cfbc945ca05]: Assigning socketPath: /var/folders/qt/8rd18q3n4yv7d0tksxmy8vlc0000gn/T/fire_emu_1559.sock"}}
[debug] [2020-10-06T15:10:11.953Z] [worker-api-10b99bc3-27a7-470d-beba-1cfbc945ca05]: BUSY {"metadata":{"emulator":{"name":"functions"},"message":"[worker-api-10b99bc3-27a7-470d-beba-1cfbc945ca05]: BUSY"}}
[debug] [2020-10-06T15:10:12.197Z] [runtime-status] [1559] Functions runtime initialized. {"cwd":"/Users/jomarnguyen/Desktop/amazon-clone/functions","node_version":"12.18.3"} {"metadata":{"emulator":{"name":"functions"},"function":{"name":"api"},"message":"[runtime-status] [1559] Functions runtime initialized. {\"cwd\":\"/Users/jomarnguyen/Desktop/amazon-clone/functions\",\"node_version\":\"12.18.3\"}"}}
[debug] [2020-10-06T15:10:12.198Z] [runtime-status] [1559] Disabled runtime features: undefined {"metadata":{"emulator":{"name":"functions"},"function":{"name":"api"},"message":"[runtime-status] [1559] Disabled runtime features: undefined"}}
[debug] [2020-10-06T15:10:12.200Z] [runtime-status] [1559] Resolved module firebase-admin {"declared":true,"installed":true,"version":"8.13.0","resolution":"/Users/jomarnguyen/Desktop/amazon-clone/functions/node_modules/firebase-admin/lib/index.js"} {"metadata":{"emulator":{"name":"functions"},"function":{"name":"api"},"message":"[runtime-status] [1559] Resolved module firebase-admin {\"declared\":true,\"installed\":true,\"version\":\"8.13.0\",\"resolution\":\"/Users/jomarnguyen/Desktop/amazon-clone/functions/node_modules/firebase-admin/lib/index.js\"}"}}
[debug] [2020-10-06T15:10:12.200Z] [runtime-status] [1559] Resolved module firebase-functions {"declared":true,"installed":true,"version":"3.11.0","resolution":"/Users/jomarnguyen/Desktop/amazon-clone/functions/node_modules/firebase-functions/lib/index.js"} {"metadata":{"emulator":{"name":"functions"},"function":{"name":"api"},"message":"[runtime-status] [1559] Resolved module firebase-functions {\"declared\":true,\"installed\":true,\"version\":\"3.11.0\",\"resolution\":\"/Users/jomarnguyen/Desktop/amazon-clone/functions/node_modules/firebase-functions/lib/index.js\"}"}}
[debug] [2020-10-06T15:10:12.201Z] [runtime-status] [1559] Resolved module firebase-functions {"declared":true,"installed":true,"version":"3.11.0","resolution":"/Users/jomarnguyen/Desktop/amazon-clone/functions/node_modules/firebase-functions/lib/index.js"} {"metadata":{"emulator":{"name":"functions"},"function":{"name":"api"},"message":"[runtime-status] [1559] Resolved module firebase-functions {\"declared\":true,\"installed\":true,\"version\":\"3.11.0\",\"resolution\":\"/Users/jomarnguyen/Desktop/amazon-clone/functions/node_modules/firebase-functions/lib/index.js\"}"}}
[debug] [2020-10-06T15:10:12.204Z] [runtime-status] [1559] Outgoing network have been stubbed. [{"name":"http","status":"mocked"},{"name":"http","status":"mocked"},{"name":"https","status":"mocked"},{"name":"https","status":"mocked"},{"name":"net","status":"mocked"}] {"metadata":{"emulator":{"name":"functions"},"function":{"name":"api"},"message":"[runtime-status] [1559] Outgoing network have been stubbed. [{\"name\":\"http\",\"status\":\"mocked\"},{\"name\":\"http\",\"status\":\"mocked\"},{\"name\":\"https\",\"status\":\"mocked\"},{\"name\":\"https\",\"status\":\"mocked\"},{\"name\":\"net\",\"status\":\"mocked\"}]"}}
[debug] [2020-10-06T15:10:12.204Z] [runtime-status] [1559] Resolved module firebase-functions {"declared":true,"installed":true,"version":"3.11.0","resolution":"/Users/jomarnguyen/Desktop/amazon-clone/functions/node_modules/firebase-functions/lib/index.js"} {"metadata":{"emulator":{"name":"functions"},"function":{"name":"api"},"message":"[runtime-status] [1559] Resolved module firebase-functions {\"declared\":true,\"installed\":true,\"version\":\"3.11.0\",\"resolution\":\"/Users/jomarnguyen/Desktop/amazon-clone/functions/node_modules/firebase-functions/lib/index.js\"}"}}
[debug] [2020-10-06T15:10:12.231Z] [runtime-status] [1559] Checked functions.config() {"config":{}} {"metadata":{"emulator":{"name":"functions"},"function":{"name":"api"},"message":"[runtime-status] [1559] Checked functions.config() {\"config\":{}}"}}
[debug] [2020-10-06T15:10:12.231Z] [runtime-status] [1559] firebase-functions has been stubbed. {"functionsResolution":{"declared":true,"installed":true,"version":"3.11.0","resolution":"/Users/jomarnguyen/Desktop/amazon-clone/functions/node_modules/firebase-functions/lib/index.js"}} {"metadata":{"emulator":{"name":"functions"},"function":{"name":"api"},"message":"[runtime-status] [1559] firebase-functions has been stubbed. {\"functionsResolution\":{\"declared\":true,\"installed\":true,\"version\":\"3.11.0\",\"resolution\":\"/Users/jomarnguyen/Desktop/amazon-clone/functions/node_modules/firebase-functions/lib/index.js\"}}"}}
[debug] [2020-10-06T15:10:12.231Z] [runtime-status] [1559] Resolved module firebase-functions {"declared":true,"installed":true,"version":"3.11.0","resolution":"/Users/jomarnguyen/Desktop/amazon-clone/functions/node_modules/firebase-functions/lib/index.js"} {"metadata":{"emulator":{"name":"functions"},"function":{"name":"api"},"message":"[runtime-status] [1559] Resolved module firebase-functions {\"declared\":true,\"installed\":true,\"version\":\"3.11.0\",\"resolution\":\"/Users/jomarnguyen/Desktop/amazon-clone/functions/node_modules/firebase-functions/lib/index.js\"}"}}
[debug] [2020-10-06T15:10:12.232Z] [runtime-status] [1559] Resolved module firebase-admin {"declared":true,"installed":true,"version":"8.13.0","resolution":"/Users/jomarnguyen/Desktop/amazon-clone/functions/node_modules/firebase-admin/lib/index.js"} {"metadata":{"emulator":{"name":"functions"},"function":{"name":"api"},"message":"[runtime-status] [1559] Resolved module firebase-admin {\"declared\":true,\"installed\":true,\"version\":\"8.13.0\",\"resolution\":\"/Users/jomarnguyen/Desktop/amazon-clone/functions/node_modules/firebase-admin/lib/index.js\"}"}}
[debug] [2020-10-06T15:10:12.232Z] [runtime-status] [1559] Resolved module firebase-functions {"declared":true,"installed":true,"version":"3.11.0","resolution":"/Users/jomarnguyen/Desktop/amazon-clone/functions/node_modules/firebase-functions/lib/index.js"} {"metadata":{"emulator":{"name":"functions"},"function":{"name":"api"},"message":"[runtime-status] [1559] Resolved module firebase-functions {\"declared\":true,\"installed\":true,\"version\":\"3.11.0\",\"resolution\":\"/Users/jomarnguyen/Desktop/amazon-clone/functions/node_modules/firebase-functions/lib/index.js\"}"}}
[debug] [2020-10-06T15:10:12.233Z] [runtime-status] [1559] firebase-admin has been stubbed. {"adminResolution":{"declared":true,"installed":true,"version":"8.13.0","resolution":"/Users/jomarnguyen/Desktop/amazon-clone/functions/node_modules/firebase-admin/lib/index.js"}} {"metadata":{"emulator":{"name":"functions"},"function":{"name":"api"},"message":"[runtime-status] [1559] firebase-admin has been stubbed. {\"adminResolution\":{\"declared\":true,\"installed\":true,\"version\":\"8.13.0\",\"resolution\":\"/Users/jomarnguyen/Desktop/amazon-clone/functions/node_modules/firebase-admin/lib/index.js\"}}"}}
[debug] [2020-10-06T15:10:12.319Z] [runtime-status] [1559] Trigger "api" has been found, beginning invocation! {"metadata":{"emulator":{"name":"functions"},"function":{"name":"api"},"message":"[runtime-status] [1559] Trigger \"api\" has been found, beginning invocation!"}}
[info] i  functions: Beginning execution of "api" {"metadata":{"emulator":{"name":"functions"},"function":{"name":"api"},"message":"Beginning execution of \"api\""}}
[debug] [2020-10-06T15:10:12.320Z] [runtime-status] [1559] triggerDefinition {"httpsTrigger":{},"name":"api","entryPoint":"api"} {"metadata":{"emulator":{"name":"functions"},"function":{"name":"api"},"message":"[runtime-status] [1559] triggerDefinition {\"httpsTrigger\":{},\"name\":\"api\",\"entryPoint\":\"api\"}"}}
[debug] [2020-10-06T15:10:12.320Z] [runtime-status] [1559] Running api in mode HTTPS {"metadata":{"emulator":{"name":"functions"},"function":{"name":"api"},"message":"[runtime-status] [1559] Running api in mode HTTPS"}}
[debug] [2020-10-06T15:10:12.322Z] [runtime-status] [1559] Attempting to listen to socketPath: /var/folders/qt/8rd18q3n4yv7d0tksxmy8vlc0000gn/T/fire_emu_1559.sock {"metadata":{"emulator":{"name":"functions"},"function":{"name":"api"},"message":"[runtime-status] [1559] Attempting to listen to socketPath: /var/folders/qt/8rd18q3n4yv7d0tksxmy8vlc0000gn/T/fire_emu_1559.sock"}}
[debug] [2020-10-06T15:10:12.328Z] [functions] Runtime ready! Sending request! {"metadata":{"emulator":{"name":"functions"},"message":"[functions] Runtime ready! Sending request!"}}
[debug] [2020-10-06T15:10:12.337Z] [runtime-status] [1559] Ephemeral server handling GET request {"metadata":{"emulator":{"name":"functions"},"function":{"name":"api"},"message":"[runtime-status] [1559] Ephemeral server handling GET request"}}
[debug] [2020-10-06T15:10:12.344Z] [runtime-status] [1559] Ephemeral server survived. {"metadata":{"emulator":{"name":"functions"},"function":{"name":"api"},"message":"[runtime-status] [1559] Ephemeral server survived."}}
[info] i  functions: Finished "api" in ~1s {"metadata":{"emulator":{"name":"functions"},"function":{"name":"api"},"message":"Finished \"api\" in ~1s"}}
[debug] [2020-10-06T15:10:12.348Z] [worker-api-10b99bc3-27a7-470d-beba-1cfbc945ca05]: IDLE {"metadata":{"emulator":{"name":"functions"},"message":"[worker-api-10b99bc3-27a7-470d-beba-1cfbc945ca05]: IDLE"}}
[debug] [2020-10-06T15:10:12.348Z] [work-queue] {"queueLength":0,"workRunningCount":0}
[debug] [2020-10-06T15:10:12.818Z] Functions emulator received unknown request at path /favicon.ico
[debug] [2020-10-06T15:20:05.466Z] File /Users/jomarnguyen/Desktop/amazon-clone/functions/index.js changed, reloading triggers {"metadata":{"emulator":{"name":"functions"},"message":"File /Users/jomarnguyen/Desktop/amazon-clone/functions/index.js changed, reloading triggers"}}
[debug] [2020-10-06T15:20:06.469Z] [worker-pool] Shutting down IDLE worker (~diagnostic~) {"metadata":{"emulator":{"name":"functions"},"message":"[worker-pool] Shutting down IDLE worker (~diagnostic~)"}}
[debug] [2020-10-06T15:20:06.469Z] [worker-~diagnostic~-d85d4195-c56c-4dff-9f85-1d3cd9732489]: FINISHING {"metadata":{"emulator":{"name":"functions"},"message":"[worker-~diagnostic~-d85d4195-c56c-4dff-9f85-1d3cd9732489]: FINISHING"}}
[debug] [2020-10-06T15:20:06.470Z] [worker-pool] Shutting down IDLE worker (api) {"metadata":{"emulator":{"name":"functions"},"message":"[worker-pool] Shutting down IDLE worker (api)"}}
[debug] [2020-10-06T15:20:06.470Z] [worker-api-10b99bc3-27a7-470d-beba-1cfbc945ca05]: FINISHING {"metadata":{"emulator":{"name":"functions"},"message":"[worker-api-10b99bc3-27a7-470d-beba-1cfbc945ca05]: FINISHING"}}
[debug] [2020-10-06T15:20:06.475Z] [worker-pool] addWorker(~diagnostic~) {"metadata":{"emulator":{"name":"functions"},"message":"[worker-pool] addWorker(~diagnostic~)"}}
[debug] [2020-10-06T15:20:06.476Z] [worker-pool] Adding worker with key ~diagnostic~, total=2 {"metadata":{"emulator":{"name":"functions"},"message":"[worker-pool] Adding worker with key ~diagnostic~, total=2"}}
[debug] [2020-10-06T15:20:06.476Z] [worker-pool] submitWork(triggerId=) {"metadata":{"emulator":{"name":"functions"},"message":"[worker-pool] submitWork(triggerId=)"}}
[debug] [2020-10-06T15:20:06.476Z] [worker-~diagnostic~-8d6030e8-b9f8-4b3f-a41a-5127dbe8ce31]: Assigning socketPath: /var/folders/qt/8rd18q3n4yv7d0tksxmy8vlc0000gn/T/fire_emu_1587.sock {"metadata":{"emulator":{"name":"functions"},"message":"[worker-~diagnostic~-8d6030e8-b9f8-4b3f-a41a-5127dbe8ce31]: Assigning socketPath: /var/folders/qt/8rd18q3n4yv7d0tksxmy8vlc0000gn/T/fire_emu_1587.sock"}}
[debug] [2020-10-06T15:20:06.476Z] [worker-~diagnostic~-8d6030e8-b9f8-4b3f-a41a-5127dbe8ce31]: BUSY {"metadata":{"emulator":{"name":"functions"},"message":"[worker-~diagnostic~-8d6030e8-b9f8-4b3f-a41a-5127dbe8ce31]: BUSY"}}
[debug] [2020-10-06T15:20:06.478Z] [worker-~diagnostic~-d85d4195-c56c-4dff-9f85-1d3cd9732489]: exited {"metadata":{"emulator":{"name":"functions"},"message":"[worker-~diagnostic~-d85d4195-c56c-4dff-9f85-1d3cd9732489]: exited"}}
[debug] [2020-10-06T15:20:06.478Z] [worker-~diagnostic~-d85d4195-c56c-4dff-9f85-1d3cd9732489]: FINISHED {"metadata":{"emulator":{"name":"functions"},"message":"[worker-~diagnostic~-d85d4195-c56c-4dff-9f85-1d3cd9732489]: FINISHED"}}
[debug] [2020-10-06T15:20:06.478Z] [worker-api-10b99bc3-27a7-470d-beba-1cfbc945ca05]: exited {"metadata":{"emulator":{"name":"functions"},"message":"[worker-api-10b99bc3-27a7-470d-beba-1cfbc945ca05]: exited"}}
[debug] [2020-10-06T15:20:06.478Z] [worker-api-10b99bc3-27a7-470d-beba-1cfbc945ca05]: FINISHED {"metadata":{"emulator":{"name":"functions"},"message":"[worker-api-10b99bc3-27a7-470d-beba-1cfbc945ca05]: FINISHED"}}
[debug] [2020-10-06T15:20:06.838Z] [runtime-status] [1587] Functions runtime initialized. {"cwd":"/Users/jomarnguyen/Desktop/amazon-clone/functions","node_version":"12.18.3"} {"metadata":{"emulator":{"name":"functions"},"message":"[runtime-status] [1587] Functions runtime initialized. {\"cwd\":\"/Users/jomarnguyen/Desktop/amazon-clone/functions\",\"node_version\":\"12.18.3\"}"}}
[debug] [2020-10-06T15:20:06.840Z] [runtime-status] [1587] Disabled runtime features: undefined {"metadata":{"emulator":{"name":"functions"},"message":"[runtime-status] [1587] Disabled runtime features: undefined"}}
[debug] [2020-10-06T15:20:06.843Z] [runtime-status] [1587] Resolved module firebase-admin {"declared":true,"installed":true,"version":"8.13.0","resolution":"/Users/jomarnguyen/Desktop/amazon-clone/functions/node_modules/firebase-admin/lib/index.js"} {"metadata":{"emulator":{"name":"functions"},"message":"[runtime-status] [1587] Resolved module firebase-admin {\"declared\":true,\"installed\":true,\"version\":\"8.13.0\",\"resolution\":\"/Users/jomarnguyen/Desktop/amazon-clone/functions/node_modules/firebase-admin/lib/index.js\"}"}}
[debug] [2020-10-06T15:20:06.846Z] [runtime-status] [1587] Resolved module firebase-functions {"declared":true,"installed":true,"version":"3.11.0","resolution":"/Users/jomarnguyen/Desktop/amazon-clone/functions/node_modules/firebase-functions/lib/index.js"} {"metadata":{"emulator":{"name":"functions"},"message":"[runtime-status] [1587] Resolved module firebase-functions {\"declared\":true,\"installed\":true,\"version\":\"3.11.0\",\"resolution\":\"/Users/jomarnguyen/Desktop/amazon-clone/functions/node_modules/firebase-functions/lib/index.js\"}"}}
[debug] [2020-10-06T15:20:06.847Z] [runtime-status] [1587] Resolved module firebase-functions {"declared":true,"installed":true,"version":"3.11.0","resolution":"/Users/jomarnguyen/Desktop/amazon-clone/functions/node_modules/firebase-functions/lib/index.js"} {"metadata":{"emulator":{"name":"functions"},"message":"[runtime-status] [1587] Resolved module firebase-functions {\"declared\":true,\"installed\":true,\"version\":\"3.11.0\",\"resolution\":\"/Users/jomarnguyen/Desktop/amazon-clone/functions/node_modules/firebase-functions/lib/index.js\"}"}}
[debug] [2020-10-06T15:20:06.849Z] [runtime-status] [1587] Outgoing network have been stubbed. [{"name":"http","status":"mocked"},{"name":"http","status":"mocked"},{"name":"https","status":"mocked"},{"name":"https","status":"mocked"},{"name":"net","status":"mocked"}] {"metadata":{"emulator":{"name":"functions"},"message":"[runtime-status] [1587] Outgoing network have been stubbed. [{\"name\":\"http\",\"status\":\"mocked\"},{\"name\":\"http\",\"status\":\"mocked\"},{\"name\":\"https\",\"status\":\"mocked\"},{\"name\":\"https\",\"status\":\"mocked\"},{\"name\":\"net\",\"status\":\"mocked\"}]"}}
[debug] [2020-10-06T15:20:06.849Z] [runtime-status] [1587] Resolved module firebase-functions {"declared":true,"installed":true,"version":"3.11.0","resolution":"/Users/jomarnguyen/Desktop/amazon-clone/functions/node_modules/firebase-functions/lib/index.js"} {"metadata":{"emulator":{"name":"functions"},"message":"[runtime-status] [1587] Resolved module firebase-functions {\"declared\":true,\"installed\":true,\"version\":\"3.11.0\",\"resolution\":\"/Users/jomarnguyen/Desktop/amazon-clone/functions/node_modules/firebase-functions/lib/index.js\"}"}}
[debug] [2020-10-06T15:20:06.891Z] [runtime-status] [1587] Checked functions.config() {"config":{}} {"metadata":{"emulator":{"name":"functions"},"message":"[runtime-status] [1587] Checked functions.config() {\"config\":{}}"}}
[debug] [2020-10-06T15:20:06.891Z] [runtime-status] [1587] firebase-functions has been stubbed. {"functionsResolution":{"declared":true,"installed":true,"version":"3.11.0","resolution":"/Users/jomarnguyen/Desktop/amazon-clone/functions/node_modules/firebase-functions/lib/index.js"}} {"metadata":{"emulator":{"name":"functions"},"message":"[runtime-status] [1587] firebase-functions has been stubbed. {\"functionsResolution\":{\"declared\":true,\"installed\":true,\"version\":\"3.11.0\",\"resolution\":\"/Users/jomarnguyen/Desktop/amazon-clone/functions/node_modules/firebase-functions/lib/index.js\"}}"}}
[debug] [2020-10-06T15:20:06.892Z] [runtime-status] [1587] Resolved module firebase-functions {"declared":true,"installed":true,"version":"3.11.0","resolution":"/Users/jomarnguyen/Desktop/amazon-clone/functions/node_modules/firebase-functions/lib/index.js"} {"metadata":{"emulator":{"name":"functions"},"message":"[runtime-status] [1587] Resolved module firebase-functions {\"declared\":true,\"installed\":true,\"version\":\"3.11.0\",\"resolution\":\"/Users/jomarnguyen/Desktop/amazon-clone/functions/node_modules/firebase-functions/lib/index.js\"}"}}
[debug] [2020-10-06T15:20:06.893Z] [runtime-status] [1587] Resolved module firebase-admin {"declared":true,"installed":true,"version":"8.13.0","resolution":"/Users/jomarnguyen/Desktop/amazon-clone/functions/node_modules/firebase-admin/lib/index.js"} {"metadata":{"emulator":{"name":"functions"},"message":"[runtime-status] [1587] Resolved module firebase-admin {\"declared\":true,\"installed\":true,\"version\":\"8.13.0\",\"resolution\":\"/Users/jomarnguyen/Desktop/amazon-clone/functions/node_modules/firebase-admin/lib/index.js\"}"}}
[debug] [2020-10-06T15:20:06.894Z] [runtime-status] [1587] Resolved module firebase-functions {"declared":true,"installed":true,"version":"3.11.0","resolution":"/Users/jomarnguyen/Desktop/amazon-clone/functions/node_modules/firebase-functions/lib/index.js"} {"metadata":{"emulator":{"name":"functions"},"message":"[runtime-status] [1587] Resolved module firebase-functions {\"declared\":true,\"installed\":true,\"version\":\"3.11.0\",\"resolution\":\"/Users/jomarnguyen/Desktop/amazon-clone/functions/node_modules/firebase-functions/lib/index.js\"}"}}
[debug] [2020-10-06T15:20:06.894Z] [runtime-status] [1587] firebase-admin has been stubbed. {"adminResolution":{"declared":true,"installed":true,"version":"8.13.0","resolution":"/Users/jomarnguyen/Desktop/amazon-clone/functions/node_modules/firebase-admin/lib/index.js"}} {"metadata":{"emulator":{"name":"functions"},"message":"[runtime-status] [1587] firebase-admin has been stubbed. {\"adminResolution\":{\"declared\":true,\"installed\":true,\"version\":\"8.13.0\",\"resolution\":\"/Users/jomarnguyen/Desktop/amazon-clone/functions/node_modules/firebase-admin/lib/index.js\"}}"}}
[debug] [2020-10-06T15:20:07.021Z] [worker-~diagnostic~-8d6030e8-b9f8-4b3f-a41a-5127dbe8ce31]: IDLE {"metadata":{"emulator":{"name":"functions"},"message":"[worker-~diagnostic~-8d6030e8-b9f8-4b3f-a41a-5127dbe8ce31]: IDLE"}}
